<INFO> 21-Jul-2019::11:04:05.066 kali confd[2300]: - Writing daemon log to /root/nil_NSO_exercise/netsim/nil/nil1/confd.log
<INFO> 21-Jul-2019::11:04:04.463 kali confd[2300]: - Enabling daemon log
<INFO> 21-Jul-2019::11:04:04.481 kali confd[2300]: - Starting ConfD vsn: 7.1
<DEBUG> 21-Jul-2019::11:04:04.593 kali confd[2300]: - Loading file confd.fxs
<DEBUG> 21-Jul-2019::11:04:04.657 kali confd[2300]: - Loading file ietf-yang-types.fxs
<DEBUG> 21-Jul-2019::11:04:04.659 kali confd[2300]: - Loading file ietf-inet-types.fxs
<DEBUG> 21-Jul-2019::11:04:04.661 kali confd[2300]: - Loading file ietf-yang-library.fxs
<DEBUG> 21-Jul-2019::11:04:04.697 kali confd[2300]: - Loading file ietf-netconf.fxs
<DEBUG> 21-Jul-2019::11:04:04.702 kali confd[2300]: - Loading file ietf-netconf-with-defaults.fxs
<DEBUG> 21-Jul-2019::11:04:04.704 kali confd[2300]: - Loading file netconf_netmod.fxs
<DEBUG> 21-Jul-2019::11:04:04.706 kali confd[2300]: - Loading file ietf-restconf.fxs
<DEBUG> 21-Jul-2019::11:04:04.708 kali confd[2300]: - Loading file ietf-yang-patch.fxs
<DEBUG> 21-Jul-2019::11:04:04.725 kali confd[2300]: - Loading file tailf-rest-error.fxs
<DEBUG> 21-Jul-2019::11:04:04.727 kali confd[2300]: - Loading file tailf-rest-query.fxs
<DEBUG> 21-Jul-2019::11:04:04.731 kali confd[2300]: - Loading file confd_cfg.fxs
<DEBUG> 21-Jul-2019::11:04:04.804 kali confd[2300]: - Loading file config.fxs
<DEBUG> 21-Jul-2019::11:04:04.805 kali confd[2300]: - Loading file netconf_notification.fxs
<DEBUG> 21-Jul-2019::11:04:04.807 kali confd[2300]: - Loading file netconf_actions.fxs
<DEBUG> 21-Jul-2019::11:04:04.808 kali confd[2300]: - Loading file yang.fxs
<DEBUG> 21-Jul-2019::11:04:04.809 kali confd[2300]: - Loading file tailf_netconf.fxs
<DEBUG> 21-Jul-2019::11:04:04.810 kali confd[2300]: - Loading file cli-builtin.fxs
<DEBUG> 21-Jul-2019::11:04:04.822 kali confd[2300]: - Loading file confd.conf
<INFO> 21-Jul-2019::11:04:04.827 kali confd[2300]: - Consulting daemon configuration file confd.conf
<INFO> 21-Jul-2019::11:04:05.010 kali confd[2300]: - Writing audit log to /root/nil_NSO_exercise/netsim/nil/nil1/audit.log
<INFO> 21-Jul-2019::11:04:05.010 kali confd[2300]: - Enabling audit log
<INFO> 21-Jul-2019::11:04:05.022 kali confd[2300]: - Writing NETCONF log to /root/nil_NSO_exercise/netsim/nil/nil1/netconf.log
<INFO> 21-Jul-2019::11:04:05.022 kali confd[2300]: - Enabling NETCONF log
<INFO> 21-Jul-2019::11:04:05.035 kali confd[2300]: - Writing developer log to /root/nil_NSO_exercise/netsim/nil/nil1/devel.log
<INFO> 21-Jul-2019::11:04:05.035 kali confd[2300]: - Enabling developer log
<INFO> 21-Jul-2019::11:04:05.036 kali confd[2300]: - Writing XPath trace log to /root/nil_NSO_exercise/netsim/nil/nil1/xpath.trace
<INFO> 21-Jul-2019::11:04:05.036 kali confd[2300]: - Enabling XPath trace log
<INFO> 21-Jul-2019::11:04:05.139 kali confd[2300]: - Enabling error log
<INFO> 21-Jul-2019::11:04:05.139 kali confd[2300]: - Writing error log to ./logs/confderr.log
<INFO> 21-Jul-2019::11:04:05.200 kali confd[2300]: - Daemon logging started
<DEBUG> 21-Jul-2019::11:04:05.260 kali confd[2300]: - Loading file /root/nso-5.1/netsim/confd/etc/confd/ietf-netconf-monitoring.fxs
<DEBUG> 21-Jul-2019::11:04:05.266 kali confd[2300]: - Loading file /root/nso-5.1/netsim/confd/etc/confd/tailf-common-monitoring.fxs
<DEBUG> 21-Jul-2019::11:04:05.268 kali confd[2300]: - Loading file ./ietf-netconf-acm.fxs
<DEBUG> 21-Jul-2019::11:04:05.272 kali confd[2300]: - Loading file /root/nso-5.1/netsim/confd/etc/confd/tailf-common-query.fxs
<DEBUG> 21-Jul-2019::11:04:05.274 kali confd[2300]: - Loading file /root/nso-5.1/netsim/confd/etc/confd/tailf-netconf-transactions.fxs
<DEBUG> 21-Jul-2019::11:04:05.276 kali confd[2300]: - Loading file /root/nso-5.1/netsim/confd/etc/confd/tailf-common.fxs
<DEBUG> 21-Jul-2019::11:04:05.280 kali confd[2300]: - Loading file /root/nso-5.1/netsim/confd/etc/confd/iana-crypt-hash.fxs
<DEBUG> 21-Jul-2019::11:04:05.283 kali confd[2300]: - Loading file ./tailf-ned-cisco-ios.fxs
<DEBUG> 21-Jul-2019::11:04:05.722 kali confd[2300]: - Loading file /root/nso-5.1/netsim/confd/etc/confd/ietf-restconf-monitoring.fxs
<DEBUG> 21-Jul-2019::11:04:05.724 kali confd[2300]: - Loading file /root/nso-5.1/netsim/confd/etc/confd/ietf-netconf-notifications.fxs
<DEBUG> 21-Jul-2019::11:04:05.729 kali confd[2300]: - Loading file /root/nso-5.1/netsim/confd/etc/confd/ietf-netconf-partial-lock.fxs
<DEBUG> 21-Jul-2019::11:04:05.731 kali confd[2300]: - Loading file /root/nso-5.1/netsim/confd/etc/confd/tailf-xsd-types.fxs
<DEBUG> 21-Jul-2019::11:04:05.733 kali confd[2300]: - Loading file /root/nso-5.1/netsim/confd/etc/confd/tailf-netconf-monitoring.fxs
<DEBUG> 21-Jul-2019::11:04:05.737 kali confd[2300]: - Loading file /root/nso-5.1/netsim/confd/etc/confd/tailf-confd-monitoring.fxs
<DEBUG> 21-Jul-2019::11:04:05.746 kali confd[2300]: - Loading file /root/nso-5.1/netsim/confd/etc/confd/tailf-acm.fxs
<DEBUG> 21-Jul-2019::11:04:05.749 kali confd[2300]: - Loading file /root/nso-5.1/netsim/confd/etc/confd/tailf-webui.fxs
<DEBUG> 21-Jul-2019::11:04:05.753 kali confd[2300]: - Loading file /root/nso-5.1/netsim/confd/etc/confd/tailf-rollback.fxs
<DEBUG> 21-Jul-2019::11:04:05.755 kali confd[2300]: - Loading file /root/nso-5.1/netsim/confd/etc/confd/tailf-progress.fxs
<DEBUG> 21-Jul-2019::11:04:05.758 kali confd[2300]: - Loading file /root/nso-5.1/netsim/confd/etc/confd/tailf-netconf-with-transaction-id.fxs
<DEBUG> 21-Jul-2019::11:04:05.761 kali confd[2300]: - Loading file /root/nso-5.1/netsim/confd/etc/confd/tailf-netconf-rollback.fxs
<DEBUG> 21-Jul-2019::11:04:05.764 kali confd[2300]: - Loading file /root/nso-5.1/netsim/confd/etc/confd/tailf-netconf-query.fxs
<DEBUG> 21-Jul-2019::11:04:05.766 kali confd[2300]: - Loading file /root/nso-5.1/netsim/confd/etc/confd/tailf-netconf-inactive.fxs
<DEBUG> 21-Jul-2019::11:04:05.769 kali confd[2300]: - Loading file /root/nso-5.1/netsim/confd/etc/confd/tailf-netconf-forward.fxs
<DEBUG> 21-Jul-2019::11:04:05.772 kali confd[2300]: - Loading file /root/nso-5.1/netsim/confd/etc/confd/tailf-netconf-extensions.fxs
<DEBUG> 21-Jul-2019::11:04:05.774 kali confd[2300]: - Loading file /root/nso-5.1/netsim/confd/etc/confd/tailf-kicker.fxs
<DEBUG> 21-Jul-2019::11:04:05.776 kali confd[2300]: - Loading file ./aaa.fxs
<DEBUG> 21-Jul-2019::11:04:05.780 kali confd[2300]: - Skipping file /root/nso-5.1/netsim/confd/etc/confd/ietf-netconf-acm.fxs: namespace already loaded
<DEBUG> 21-Jul-2019::11:04:05.781 kali confd[2300]: - Skipping file /root/nso-5.1/netsim/confd/etc/confd/tailf-aaa.fxs: namespace already loaded
<DEBUG> 21-Jul-2019::11:04:06.071 kali confd[2300]: - Loading file ./confd.c.ccl
<DEBUG> 21-Jul-2019::11:04:06.169 kali confd[2300]: - Loading file ./confd.i.ccl
<DEBUG> 21-Jul-2019::11:04:06.175 kali confd[2300]: - Loading file /root/nso-5.1/netsim/confd/etc/confd/confd.ccl
<INFO> 21-Jul-2019::11:04:06.770 kali confd[2300]: - Starting to listen for Internal IPC on 127.0.0.1:5011
<INFO> 21-Jul-2019::11:04:07.889 kali confd[2300]: - CDB load: processing file: ./cdb/aaa_init.xml
<INFO> 21-Jul-2019::11:04:07.972 kali confd[2300]: - CDB load: processing file: ./cdb/ios.xml
<INFO> 21-Jul-2019::11:04:08.467 kali confd[2300]: - Starting to listen for NETCONF SSH on 0.0.0.0:12023
<INFO> 21-Jul-2019::11:04:08.619 kali confd[2300]: - Starting to listen for CLI SSH on 0.0.0.0:10023
<INFO> 21-Jul-2019::11:04:08.721 kali confd[2300]: - ConfD started vsn: 7.1
<INFO> 21-Jul-2019::12:06:25.475 kali confd[2300]: - ConfD stopping (confd --stop called by root in /root/nil_NSO_exercise/netsim/nil/nil1)
<INFO> 21-Jul-2019::12:06:25.864 kali confd[2300]: - Stopping to listen for NETCONF SSH on 0.0.0.0:12023
<INFO> 21-Jul-2019::12:06:26.906 kali confd[2300]: - Stopping to listen for Internal IPC on 127.0.0.1:5011
<INFO> 21-Jul-2019::12:06:27.438 kali confd[2300]: - Daemon logging terminating, reason: shutdown
<INFO> 22-Jul-2019::10:18:49.258 kali confd[4629]: - Writing daemon log to /root/nil_NSO_exercise/netsim/nil/nil1/confd.log
<INFO> 22-Jul-2019::10:18:48.672 kali confd[4629]: - Enabling daemon log
<INFO> 22-Jul-2019::10:18:48.690 kali confd[4629]: - Starting ConfD vsn: 7.1
<DEBUG> 22-Jul-2019::10:18:48.818 kali confd[4629]: - Loading file confd.fxs
<DEBUG> 22-Jul-2019::10:18:48.887 kali confd[4629]: - Loading file ietf-yang-types.fxs
<DEBUG> 22-Jul-2019::10:18:48.889 kali confd[4629]: - Loading file ietf-inet-types.fxs
<DEBUG> 22-Jul-2019::10:18:48.891 kali confd[4629]: - Loading file ietf-yang-library.fxs
<DEBUG> 22-Jul-2019::10:18:48.922 kali confd[4629]: - Loading file ietf-netconf.fxs
<DEBUG> 22-Jul-2019::10:18:48.927 kali confd[4629]: - Loading file ietf-netconf-with-defaults.fxs
<DEBUG> 22-Jul-2019::10:18:48.929 kali confd[4629]: - Loading file netconf_netmod.fxs
<DEBUG> 22-Jul-2019::10:18:48.930 kali confd[4629]: - Loading file ietf-restconf.fxs
<DEBUG> 22-Jul-2019::10:18:48.933 kali confd[4629]: - Loading file ietf-yang-patch.fxs
<DEBUG> 22-Jul-2019::10:18:48.948 kali confd[4629]: - Loading file tailf-rest-error.fxs
<DEBUG> 22-Jul-2019::10:18:48.949 kali confd[4629]: - Loading file tailf-rest-query.fxs
<DEBUG> 22-Jul-2019::10:18:48.952 kali confd[4629]: - Loading file confd_cfg.fxs
<DEBUG> 22-Jul-2019::10:18:49.012 kali confd[4629]: - Loading file config.fxs
<DEBUG> 22-Jul-2019::10:18:49.013 kali confd[4629]: - Loading file netconf_notification.fxs
<DEBUG> 22-Jul-2019::10:18:49.014 kali confd[4629]: - Loading file netconf_actions.fxs
<DEBUG> 22-Jul-2019::10:18:49.016 kali confd[4629]: - Loading file yang.fxs
<DEBUG> 22-Jul-2019::10:18:49.018 kali confd[4629]: - Loading file tailf_netconf.fxs
<DEBUG> 22-Jul-2019::10:18:49.019 kali confd[4629]: - Loading file cli-builtin.fxs
<DEBUG> 22-Jul-2019::10:18:49.030 kali confd[4629]: - Loading file confd.conf
<INFO> 22-Jul-2019::10:18:49.034 kali confd[4629]: - Consulting daemon configuration file confd.conf
<INFO> 22-Jul-2019::10:18:49.233 kali confd[4629]: - Writing audit log to /root/nil_NSO_exercise/netsim/nil/nil1/audit.log
<INFO> 22-Jul-2019::10:18:49.233 kali confd[4629]: - Enabling audit log
<INFO> 22-Jul-2019::10:18:49.244 kali confd[4629]: - Writing NETCONF log to /root/nil_NSO_exercise/netsim/nil/nil1/netconf.log
<INFO> 22-Jul-2019::10:18:49.245 kali confd[4629]: - Enabling NETCONF log
<INFO> 22-Jul-2019::10:18:49.256 kali confd[4629]: - Writing developer log to /root/nil_NSO_exercise/netsim/nil/nil1/devel.log
<INFO> 22-Jul-2019::10:18:49.256 kali confd[4629]: - Enabling developer log
<INFO> 22-Jul-2019::10:18:49.257 kali confd[4629]: - Writing XPath trace log to /root/nil_NSO_exercise/netsim/nil/nil1/xpath.trace
<INFO> 22-Jul-2019::10:18:49.257 kali confd[4629]: - Enabling XPath trace log
<INFO> 22-Jul-2019::10:18:49.321 kali confd[4629]: - Enabling error log
<INFO> 22-Jul-2019::10:18:49.321 kali confd[4629]: - Writing error log to ./logs/confderr.log
<INFO> 22-Jul-2019::10:18:49.364 kali confd[4629]: - Daemon logging started
<DEBUG> 22-Jul-2019::10:18:49.403 kali confd[4629]: - Loading file /root/nso-5.1/netsim/confd/etc/confd/ietf-netconf-monitoring.fxs
<DEBUG> 22-Jul-2019::10:18:49.406 kali confd[4629]: - Loading file /root/nso-5.1/netsim/confd/etc/confd/tailf-common-monitoring.fxs
<DEBUG> 22-Jul-2019::10:18:49.408 kali confd[4629]: - Loading file ./ietf-netconf-acm.fxs
<DEBUG> 22-Jul-2019::10:18:49.411 kali confd[4629]: - Loading file /root/nso-5.1/netsim/confd/etc/confd/tailf-common-query.fxs
<DEBUG> 22-Jul-2019::10:18:49.412 kali confd[4629]: - Loading file /root/nso-5.1/netsim/confd/etc/confd/tailf-netconf-transactions.fxs
<DEBUG> 22-Jul-2019::10:18:49.414 kali confd[4629]: - Loading file /root/nso-5.1/netsim/confd/etc/confd/tailf-common.fxs
<DEBUG> 22-Jul-2019::10:18:49.416 kali confd[4629]: - Loading file /root/nso-5.1/netsim/confd/etc/confd/iana-crypt-hash.fxs
<DEBUG> 22-Jul-2019::10:18:49.417 kali confd[4629]: - Loading file ./tailf-ned-cisco-ios.fxs
<DEBUG> 22-Jul-2019::10:18:49.822 kali confd[4629]: - Loading file /root/nso-5.1/netsim/confd/etc/confd/ietf-restconf-monitoring.fxs
<DEBUG> 22-Jul-2019::10:18:49.825 kali confd[4629]: - Loading file /root/nso-5.1/netsim/confd/etc/confd/ietf-netconf-notifications.fxs
<DEBUG> 22-Jul-2019::10:18:49.831 kali confd[4629]: - Loading file /root/nso-5.1/netsim/confd/etc/confd/ietf-netconf-partial-lock.fxs
<DEBUG> 22-Jul-2019::10:18:49.837 kali confd[4629]: - Loading file /root/nso-5.1/netsim/confd/etc/confd/tailf-xsd-types.fxs
<DEBUG> 22-Jul-2019::10:18:49.839 kali confd[4629]: - Loading file /root/nso-5.1/netsim/confd/etc/confd/tailf-netconf-monitoring.fxs
<DEBUG> 22-Jul-2019::10:18:49.849 kali confd[4629]: - Loading file /root/nso-5.1/netsim/confd/etc/confd/tailf-confd-monitoring.fxs
<DEBUG> 22-Jul-2019::10:18:49.867 kali confd[4629]: - Loading file /root/nso-5.1/netsim/confd/etc/confd/tailf-acm.fxs
<DEBUG> 22-Jul-2019::10:18:49.871 kali confd[4629]: - Loading file /root/nso-5.1/netsim/confd/etc/confd/tailf-webui.fxs
<DEBUG> 22-Jul-2019::10:18:49.876 kali confd[4629]: - Loading file /root/nso-5.1/netsim/confd/etc/confd/tailf-rollback.fxs
<DEBUG> 22-Jul-2019::10:18:49.880 kali confd[4629]: - Loading file /root/nso-5.1/netsim/confd/etc/confd/tailf-progress.fxs
<DEBUG> 22-Jul-2019::10:18:49.885 kali confd[4629]: - Loading file /root/nso-5.1/netsim/confd/etc/confd/tailf-netconf-with-transaction-id.fxs
<DEBUG> 22-Jul-2019::10:18:49.888 kali confd[4629]: - Loading file /root/nso-5.1/netsim/confd/etc/confd/tailf-netconf-rollback.fxs
<DEBUG> 22-Jul-2019::10:18:49.892 kali confd[4629]: - Loading file /root/nso-5.1/netsim/confd/etc/confd/tailf-netconf-query.fxs
<DEBUG> 22-Jul-2019::10:18:49.895 kali confd[4629]: - Loading file /root/nso-5.1/netsim/confd/etc/confd/tailf-netconf-inactive.fxs
<DEBUG> 22-Jul-2019::10:18:49.901 kali confd[4629]: - Loading file /root/nso-5.1/netsim/confd/etc/confd/tailf-netconf-forward.fxs
<DEBUG> 22-Jul-2019::10:18:49.904 kali confd[4629]: - Loading file /root/nso-5.1/netsim/confd/etc/confd/tailf-netconf-extensions.fxs
<DEBUG> 22-Jul-2019::10:18:49.907 kali confd[4629]: - Loading file /root/nso-5.1/netsim/confd/etc/confd/tailf-kicker.fxs
<DEBUG> 22-Jul-2019::10:18:49.910 kali confd[4629]: - Loading file ./aaa.fxs
<DEBUG> 22-Jul-2019::10:18:49.913 kali confd[4629]: - Skipping file /root/nso-5.1/netsim/confd/etc/confd/ietf-netconf-acm.fxs: namespace already loaded
<DEBUG> 22-Jul-2019::10:18:49.913 kali confd[4629]: - Skipping file /root/nso-5.1/netsim/confd/etc/confd/tailf-aaa.fxs: namespace already loaded
<DEBUG> 22-Jul-2019::10:18:50.219 kali confd[4629]: - Loading file ./confd.c.ccl
<DEBUG> 22-Jul-2019::10:18:50.318 kali confd[4629]: - Loading file ./confd.i.ccl
<DEBUG> 22-Jul-2019::10:18:50.321 kali confd[4629]: - Loading file /root/nso-5.1/netsim/confd/etc/confd/confd.ccl
<INFO> 22-Jul-2019::10:18:50.833 kali confd[4629]: - Starting to listen for Internal IPC on 127.0.0.1:5011
<INFO> 22-Jul-2019::10:18:51.807 kali confd[4629]: - Starting to listen for NETCONF SSH on 0.0.0.0:12023
<INFO> 22-Jul-2019::10:18:51.933 kali confd[4629]: - Starting to listen for CLI SSH on 0.0.0.0:10023
<INFO> 22-Jul-2019::10:18:52.035 kali confd[4629]: - ConfD started vsn: 7.1
<INFO> 22-Jul-2019::10:22:12.756 kali confd[4629]: - ConfD stopping (confd --stop called by root in /root/nil_NSO_exercise/netsim/nil/nil1)
<INFO> 22-Jul-2019::10:22:12.791 kali confd[4629]: - Stopping to listen for NETCONF SSH on 0.0.0.0:12023
<INFO> 22-Jul-2019::10:22:12.830 kali confd[4629]: - Stopping to listen for Internal IPC on 127.0.0.1:5011
<INFO> 22-Jul-2019::10:22:12.832 kali confd[4629]: - Daemon logging terminating, reason: shutdown
