<INFO> 21-Jul-2019::11:04:00.286 kali confd[2279]: - Writing daemon log to /root/nil_NSO_exercise/netsim/nil/nil0/confd.log
<INFO> 21-Jul-2019::11:03:59.541 kali confd[2279]: - Enabling daemon log
<INFO> 21-Jul-2019::11:03:59.562 kali confd[2279]: - Starting ConfD vsn: 7.1
<DEBUG> 21-Jul-2019::11:03:59.715 kali confd[2279]: - Loading file confd.fxs
<DEBUG> 21-Jul-2019::11:03:59.793 kali confd[2279]: - Loading file ietf-yang-types.fxs
<DEBUG> 21-Jul-2019::11:03:59.812 kali confd[2279]: - Loading file ietf-inet-types.fxs
<DEBUG> 21-Jul-2019::11:03:59.819 kali confd[2279]: - Loading file ietf-yang-library.fxs
<DEBUG> 21-Jul-2019::11:03:59.860 kali confd[2279]: - Loading file ietf-netconf.fxs
<DEBUG> 21-Jul-2019::11:03:59.866 kali confd[2279]: - Loading file ietf-netconf-with-defaults.fxs
<DEBUG> 21-Jul-2019::11:03:59.871 kali confd[2279]: - Loading file netconf_netmod.fxs
<DEBUG> 21-Jul-2019::11:03:59.874 kali confd[2279]: - Loading file ietf-restconf.fxs
<DEBUG> 21-Jul-2019::11:03:59.902 kali confd[2279]: - Loading file ietf-yang-patch.fxs
<DEBUG> 21-Jul-2019::11:03:59.933 kali confd[2279]: - Loading file tailf-rest-error.fxs
<DEBUG> 21-Jul-2019::11:03:59.936 kali confd[2279]: - Loading file tailf-rest-query.fxs
<DEBUG> 21-Jul-2019::11:03:59.939 kali confd[2279]: - Loading file confd_cfg.fxs
<DEBUG> 21-Jul-2019::11:04:00.020 kali confd[2279]: - Loading file config.fxs
<DEBUG> 21-Jul-2019::11:04:00.022 kali confd[2279]: - Loading file netconf_notification.fxs
<DEBUG> 21-Jul-2019::11:04:00.024 kali confd[2279]: - Loading file netconf_actions.fxs
<DEBUG> 21-Jul-2019::11:04:00.025 kali confd[2279]: - Loading file yang.fxs
<DEBUG> 21-Jul-2019::11:04:00.027 kali confd[2279]: - Loading file tailf_netconf.fxs
<DEBUG> 21-Jul-2019::11:04:00.029 kali confd[2279]: - Loading file cli-builtin.fxs
<DEBUG> 21-Jul-2019::11:04:00.042 kali confd[2279]: - Loading file confd.conf
<INFO> 21-Jul-2019::11:04:00.048 kali confd[2279]: - Consulting daemon configuration file confd.conf
<INFO> 21-Jul-2019::11:04:00.261 kali confd[2279]: - Writing audit log to /root/nil_NSO_exercise/netsim/nil/nil0/audit.log
<INFO> 21-Jul-2019::11:04:00.261 kali confd[2279]: - Enabling audit log
<INFO> 21-Jul-2019::11:04:00.273 kali confd[2279]: - Writing NETCONF log to /root/nil_NSO_exercise/netsim/nil/nil0/netconf.log
<INFO> 21-Jul-2019::11:04:00.273 kali confd[2279]: - Enabling NETCONF log
<INFO> 21-Jul-2019::11:04:00.285 kali confd[2279]: - Writing developer log to /root/nil_NSO_exercise/netsim/nil/nil0/devel.log
<INFO> 21-Jul-2019::11:04:00.285 kali confd[2279]: - Enabling developer log
<INFO> 21-Jul-2019::11:04:00.285 kali confd[2279]: - Writing XPath trace log to /root/nil_NSO_exercise/netsim/nil/nil0/xpath.trace
<INFO> 21-Jul-2019::11:04:00.285 kali confd[2279]: - Enabling XPath trace log
<INFO> 21-Jul-2019::11:04:00.374 kali confd[2279]: - Enabling error log
<INFO> 21-Jul-2019::11:04:00.375 kali confd[2279]: - Writing error log to ./logs/confderr.log
<INFO> 21-Jul-2019::11:04:00.401 kali confd[2279]: - Daemon logging started
<DEBUG> 21-Jul-2019::11:04:00.457 kali confd[2279]: - Loading file /root/nso-5.1/netsim/confd/etc/confd/ietf-netconf-monitoring.fxs
<DEBUG> 21-Jul-2019::11:04:00.461 kali confd[2279]: - Loading file /root/nso-5.1/netsim/confd/etc/confd/tailf-common-monitoring.fxs
<DEBUG> 21-Jul-2019::11:04:00.463 kali confd[2279]: - Loading file ./ietf-netconf-acm.fxs
<DEBUG> 21-Jul-2019::11:04:00.466 kali confd[2279]: - Loading file /root/nso-5.1/netsim/confd/etc/confd/tailf-common-query.fxs
<DEBUG> 21-Jul-2019::11:04:00.468 kali confd[2279]: - Loading file /root/nso-5.1/netsim/confd/etc/confd/tailf-netconf-transactions.fxs
<DEBUG> 21-Jul-2019::11:04:00.469 kali confd[2279]: - Loading file /root/nso-5.1/netsim/confd/etc/confd/tailf-common.fxs
<DEBUG> 21-Jul-2019::11:04:00.472 kali confd[2279]: - Loading file /root/nso-5.1/netsim/confd/etc/confd/iana-crypt-hash.fxs
<DEBUG> 21-Jul-2019::11:04:00.473 kali confd[2279]: - Loading file ./tailf-ned-cisco-ios.fxs
<DEBUG> 21-Jul-2019::11:04:00.913 kali confd[2279]: - Loading file /root/nso-5.1/netsim/confd/etc/confd/ietf-restconf-monitoring.fxs
<DEBUG> 21-Jul-2019::11:04:00.916 kali confd[2279]: - Loading file /root/nso-5.1/netsim/confd/etc/confd/ietf-netconf-notifications.fxs
<DEBUG> 21-Jul-2019::11:04:00.920 kali confd[2279]: - Loading file /root/nso-5.1/netsim/confd/etc/confd/ietf-netconf-partial-lock.fxs
<DEBUG> 21-Jul-2019::11:04:00.922 kali confd[2279]: - Loading file /root/nso-5.1/netsim/confd/etc/confd/tailf-xsd-types.fxs
<DEBUG> 21-Jul-2019::11:04:00.924 kali confd[2279]: - Loading file /root/nso-5.1/netsim/confd/etc/confd/tailf-netconf-monitoring.fxs
<DEBUG> 21-Jul-2019::11:04:00.927 kali confd[2279]: - Loading file /root/nso-5.1/netsim/confd/etc/confd/tailf-confd-monitoring.fxs
<DEBUG> 21-Jul-2019::11:04:00.938 kali confd[2279]: - Loading file /root/nso-5.1/netsim/confd/etc/confd/tailf-acm.fxs
<DEBUG> 21-Jul-2019::11:04:00.942 kali confd[2279]: - Loading file /root/nso-5.1/netsim/confd/etc/confd/tailf-webui.fxs
<DEBUG> 21-Jul-2019::11:04:00.947 kali confd[2279]: - Loading file /root/nso-5.1/netsim/confd/etc/confd/tailf-rollback.fxs
<DEBUG> 21-Jul-2019::11:04:00.951 kali confd[2279]: - Loading file /root/nso-5.1/netsim/confd/etc/confd/tailf-progress.fxs
<DEBUG> 21-Jul-2019::11:04:00.955 kali confd[2279]: - Loading file /root/nso-5.1/netsim/confd/etc/confd/tailf-netconf-with-transaction-id.fxs
<DEBUG> 21-Jul-2019::11:04:00.958 kali confd[2279]: - Loading file /root/nso-5.1/netsim/confd/etc/confd/tailf-netconf-rollback.fxs
<DEBUG> 21-Jul-2019::11:04:00.961 kali confd[2279]: - Loading file /root/nso-5.1/netsim/confd/etc/confd/tailf-netconf-query.fxs
<DEBUG> 21-Jul-2019::11:04:00.966 kali confd[2279]: - Loading file /root/nso-5.1/netsim/confd/etc/confd/tailf-netconf-inactive.fxs
<DEBUG> 21-Jul-2019::11:04:00.969 kali confd[2279]: - Loading file /root/nso-5.1/netsim/confd/etc/confd/tailf-netconf-forward.fxs
<DEBUG> 21-Jul-2019::11:04:00.973 kali confd[2279]: - Loading file /root/nso-5.1/netsim/confd/etc/confd/tailf-netconf-extensions.fxs
<DEBUG> 21-Jul-2019::11:04:00.976 kali confd[2279]: - Loading file /root/nso-5.1/netsim/confd/etc/confd/tailf-kicker.fxs
<DEBUG> 21-Jul-2019::11:04:00.979 kali confd[2279]: - Loading file ./aaa.fxs
<DEBUG> 21-Jul-2019::11:04:00.985 kali confd[2279]: - Skipping file /root/nso-5.1/netsim/confd/etc/confd/ietf-netconf-acm.fxs: namespace already loaded
<DEBUG> 21-Jul-2019::11:04:00.985 kali confd[2279]: - Skipping file /root/nso-5.1/netsim/confd/etc/confd/tailf-aaa.fxs: namespace already loaded
<DEBUG> 21-Jul-2019::11:04:01.357 kali confd[2279]: - Loading file ./confd.c.ccl
<DEBUG> 21-Jul-2019::11:04:01.452 kali confd[2279]: - Loading file ./confd.i.ccl
<DEBUG> 21-Jul-2019::11:04:01.454 kali confd[2279]: - Loading file /root/nso-5.1/netsim/confd/etc/confd/confd.ccl
<INFO> 21-Jul-2019::11:04:01.996 kali confd[2279]: - Starting to listen for Internal IPC on 127.0.0.1:5010
<INFO> 21-Jul-2019::11:04:03.138 kali confd[2279]: - CDB load: processing file: ./cdb/aaa_init.xml
<INFO> 21-Jul-2019::11:04:03.266 kali confd[2279]: - CDB load: processing file: ./cdb/ios.xml
<INFO> 21-Jul-2019::11:04:03.815 kali confd[2279]: - Starting to listen for NETCONF SSH on 0.0.0.0:12022
<INFO> 21-Jul-2019::11:04:03.941 kali confd[2279]: - Starting to listen for CLI SSH on 0.0.0.0:10022
<INFO> 21-Jul-2019::11:04:04.043 kali confd[2279]: - ConfD started vsn: 7.1
<INFO> 21-Jul-2019::12:06:21.158 kali confd[2279]: - ConfD stopping (confd --stop called by root in /root/nil_NSO_exercise/netsim/nil/nil0)
<INFO> 21-Jul-2019::12:06:21.676 kali confd[2279]: - Stopping to listen for NETCONF SSH on 0.0.0.0:12022
<INFO> 21-Jul-2019::12:06:23.063 kali confd[2279]: - Stopping to listen for Internal IPC on 127.0.0.1:5010
<INFO> 21-Jul-2019::12:06:23.420 kali confd[2279]: - Daemon logging terminating, reason: shutdown
<INFO> 22-Jul-2019::10:18:45.303 kali confd[4608]: - Writing daemon log to /root/nil_NSO_exercise/netsim/nil/nil0/confd.log
<INFO> 22-Jul-2019::10:18:44.457 kali confd[4608]: - Enabling daemon log
<INFO> 22-Jul-2019::10:18:44.482 kali confd[4608]: - Starting ConfD vsn: 7.1
<DEBUG> 22-Jul-2019::10:18:44.620 kali confd[4608]: - Loading file confd.fxs
<DEBUG> 22-Jul-2019::10:18:44.691 kali confd[4608]: - Loading file ietf-yang-types.fxs
<DEBUG> 22-Jul-2019::10:18:44.693 kali confd[4608]: - Loading file ietf-inet-types.fxs
<DEBUG> 22-Jul-2019::10:18:44.696 kali confd[4608]: - Loading file ietf-yang-library.fxs
<DEBUG> 22-Jul-2019::10:18:44.739 kali confd[4608]: - Loading file ietf-netconf.fxs
<DEBUG> 22-Jul-2019::10:18:44.744 kali confd[4608]: - Loading file ietf-netconf-with-defaults.fxs
<DEBUG> 22-Jul-2019::10:18:44.751 kali confd[4608]: - Loading file netconf_netmod.fxs
<DEBUG> 22-Jul-2019::10:18:44.757 kali confd[4608]: - Loading file ietf-restconf.fxs
<DEBUG> 22-Jul-2019::10:18:44.762 kali confd[4608]: - Loading file ietf-yang-patch.fxs
<DEBUG> 22-Jul-2019::10:18:44.782 kali confd[4608]: - Loading file tailf-rest-error.fxs
<DEBUG> 22-Jul-2019::10:18:44.784 kali confd[4608]: - Loading file tailf-rest-query.fxs
<DEBUG> 22-Jul-2019::10:18:44.789 kali confd[4608]: - Loading file confd_cfg.fxs
<DEBUG> 22-Jul-2019::10:18:44.863 kali confd[4608]: - Loading file config.fxs
<DEBUG> 22-Jul-2019::10:18:44.866 kali confd[4608]: - Loading file netconf_notification.fxs
<DEBUG> 22-Jul-2019::10:18:44.868 kali confd[4608]: - Loading file netconf_actions.fxs
<DEBUG> 22-Jul-2019::10:18:44.870 kali confd[4608]: - Loading file yang.fxs
<DEBUG> 22-Jul-2019::10:18:44.872 kali confd[4608]: - Loading file tailf_netconf.fxs
<DEBUG> 22-Jul-2019::10:18:44.914 kali confd[4608]: - Loading file cli-builtin.fxs
<DEBUG> 22-Jul-2019::10:18:44.954 kali confd[4608]: - Loading file confd.conf
<INFO> 22-Jul-2019::10:18:44.960 kali confd[4608]: - Consulting daemon configuration file confd.conf
<INFO> 22-Jul-2019::10:18:45.279 kali confd[4608]: - Writing audit log to /root/nil_NSO_exercise/netsim/nil/nil0/audit.log
<INFO> 22-Jul-2019::10:18:45.279 kali confd[4608]: - Enabling audit log
<INFO> 22-Jul-2019::10:18:45.290 kali confd[4608]: - Writing NETCONF log to /root/nil_NSO_exercise/netsim/nil/nil0/netconf.log
<INFO> 22-Jul-2019::10:18:45.290 kali confd[4608]: - Enabling NETCONF log
<INFO> 22-Jul-2019::10:18:45.301 kali confd[4608]: - Writing developer log to /root/nil_NSO_exercise/netsim/nil/nil0/devel.log
<INFO> 22-Jul-2019::10:18:45.301 kali confd[4608]: - Enabling developer log
<INFO> 22-Jul-2019::10:18:45.301 kali confd[4608]: - Writing XPath trace log to /root/nil_NSO_exercise/netsim/nil/nil0/xpath.trace
<INFO> 22-Jul-2019::10:18:45.302 kali confd[4608]: - Enabling XPath trace log
<INFO> 22-Jul-2019::10:18:45.388 kali confd[4608]: - Enabling error log
<INFO> 22-Jul-2019::10:18:45.388 kali confd[4608]: - Writing error log to ./logs/confderr.log
<INFO> 22-Jul-2019::10:18:45.434 kali confd[4608]: - Daemon logging started
<DEBUG> 22-Jul-2019::10:18:45.513 kali confd[4608]: - Loading file /root/nso-5.1/netsim/confd/etc/confd/ietf-netconf-monitoring.fxs
<DEBUG> 22-Jul-2019::10:18:45.517 kali confd[4608]: - Loading file /root/nso-5.1/netsim/confd/etc/confd/tailf-common-monitoring.fxs
<DEBUG> 22-Jul-2019::10:18:45.519 kali confd[4608]: - Loading file ./ietf-netconf-acm.fxs
<DEBUG> 22-Jul-2019::10:18:45.522 kali confd[4608]: - Loading file /root/nso-5.1/netsim/confd/etc/confd/tailf-common-query.fxs
<DEBUG> 22-Jul-2019::10:18:45.524 kali confd[4608]: - Loading file /root/nso-5.1/netsim/confd/etc/confd/tailf-netconf-transactions.fxs
<DEBUG> 22-Jul-2019::10:18:45.526 kali confd[4608]: - Loading file /root/nso-5.1/netsim/confd/etc/confd/tailf-common.fxs
<DEBUG> 22-Jul-2019::10:18:45.528 kali confd[4608]: - Loading file /root/nso-5.1/netsim/confd/etc/confd/iana-crypt-hash.fxs
<DEBUG> 22-Jul-2019::10:18:45.530 kali confd[4608]: - Loading file ./tailf-ned-cisco-ios.fxs
<DEBUG> 22-Jul-2019::10:18:45.983 kali confd[4608]: - Loading file /root/nso-5.1/netsim/confd/etc/confd/ietf-restconf-monitoring.fxs
<DEBUG> 22-Jul-2019::10:18:45.986 kali confd[4608]: - Loading file /root/nso-5.1/netsim/confd/etc/confd/ietf-netconf-notifications.fxs
<DEBUG> 22-Jul-2019::10:18:45.991 kali confd[4608]: - Loading file /root/nso-5.1/netsim/confd/etc/confd/ietf-netconf-partial-lock.fxs
<DEBUG> 22-Jul-2019::10:18:45.994 kali confd[4608]: - Loading file /root/nso-5.1/netsim/confd/etc/confd/tailf-xsd-types.fxs
<DEBUG> 22-Jul-2019::10:18:45.995 kali confd[4608]: - Loading file /root/nso-5.1/netsim/confd/etc/confd/tailf-netconf-monitoring.fxs
<DEBUG> 22-Jul-2019::10:18:45.999 kali confd[4608]: - Loading file /root/nso-5.1/netsim/confd/etc/confd/tailf-confd-monitoring.fxs
<DEBUG> 22-Jul-2019::10:18:46.007 kali confd[4608]: - Loading file /root/nso-5.1/netsim/confd/etc/confd/tailf-acm.fxs
<DEBUG> 22-Jul-2019::10:18:46.011 kali confd[4608]: - Loading file /root/nso-5.1/netsim/confd/etc/confd/tailf-webui.fxs
<DEBUG> 22-Jul-2019::10:18:46.014 kali confd[4608]: - Loading file /root/nso-5.1/netsim/confd/etc/confd/tailf-rollback.fxs
<DEBUG> 22-Jul-2019::10:18:46.017 kali confd[4608]: - Loading file /root/nso-5.1/netsim/confd/etc/confd/tailf-progress.fxs
<DEBUG> 22-Jul-2019::10:18:46.020 kali confd[4608]: - Loading file /root/nso-5.1/netsim/confd/etc/confd/tailf-netconf-with-transaction-id.fxs
<DEBUG> 22-Jul-2019::10:18:46.022 kali confd[4608]: - Loading file /root/nso-5.1/netsim/confd/etc/confd/tailf-netconf-rollback.fxs
<DEBUG> 22-Jul-2019::10:18:46.026 kali confd[4608]: - Loading file /root/nso-5.1/netsim/confd/etc/confd/tailf-netconf-query.fxs
<DEBUG> 22-Jul-2019::10:18:46.029 kali confd[4608]: - Loading file /root/nso-5.1/netsim/confd/etc/confd/tailf-netconf-inactive.fxs
<DEBUG> 22-Jul-2019::10:18:46.032 kali confd[4608]: - Loading file /root/nso-5.1/netsim/confd/etc/confd/tailf-netconf-forward.fxs
<DEBUG> 22-Jul-2019::10:18:46.035 kali confd[4608]: - Loading file /root/nso-5.1/netsim/confd/etc/confd/tailf-netconf-extensions.fxs
<DEBUG> 22-Jul-2019::10:18:46.037 kali confd[4608]: - Loading file /root/nso-5.1/netsim/confd/etc/confd/tailf-kicker.fxs
<DEBUG> 22-Jul-2019::10:18:46.039 kali confd[4608]: - Loading file ./aaa.fxs
<DEBUG> 22-Jul-2019::10:18:46.042 kali confd[4608]: - Skipping file /root/nso-5.1/netsim/confd/etc/confd/ietf-netconf-acm.fxs: namespace already loaded
<DEBUG> 22-Jul-2019::10:18:46.043 kali confd[4608]: - Skipping file /root/nso-5.1/netsim/confd/etc/confd/tailf-aaa.fxs: namespace already loaded
<DEBUG> 22-Jul-2019::10:18:46.330 kali confd[4608]: - Loading file ./confd.c.ccl
<DEBUG> 22-Jul-2019::10:18:46.425 kali confd[4608]: - Loading file ./confd.i.ccl
<DEBUG> 22-Jul-2019::10:18:46.427 kali confd[4608]: - Loading file /root/nso-5.1/netsim/confd/etc/confd/confd.ccl
<INFO> 22-Jul-2019::10:18:46.992 kali confd[4608]: - Starting to listen for Internal IPC on 127.0.0.1:5010
<INFO> 22-Jul-2019::10:18:48.029 kali confd[4608]: - Starting to listen for NETCONF SSH on 0.0.0.0:12022
<INFO> 22-Jul-2019::10:18:48.145 kali confd[4608]: - Starting to listen for CLI SSH on 0.0.0.0:10022
<INFO> 22-Jul-2019::10:18:48.248 kali confd[4608]: - ConfD started vsn: 7.1
<INFO> 22-Jul-2019::10:22:10.977 kali confd[4608]: - ConfD stopping (confd --stop called by root in /root/nil_NSO_exercise/netsim/nil/nil0)
<INFO> 22-Jul-2019::10:22:10.982 kali confd[4608]: - Stopping to listen for NETCONF SSH on 0.0.0.0:12022
<INFO> 22-Jul-2019::10:22:11.242 kali confd[4608]: - Stopping to listen for Internal IPC on 127.0.0.1:5010
<INFO> 22-Jul-2019::10:22:11.246 kali confd[4608]: - Daemon logging terminating, reason: shutdown
<INFO> 23-Jul-2019::00:42:46.803 kali confd[1766]: - Writing daemon log to /root/nil_NSO_exercise/netsim/nil/nil0/confd.log
<INFO> 23-Jul-2019::00:42:46.081 kali confd[1766]: - Enabling daemon log
<INFO> 23-Jul-2019::00:42:46.103 kali confd[1766]: - Starting ConfD vsn: 7.1
<DEBUG> 23-Jul-2019::00:42:46.242 kali confd[1766]: - Loading file confd.fxs
<DEBUG> 23-Jul-2019::00:42:46.326 kali confd[1766]: - Loading file ietf-yang-types.fxs
<DEBUG> 23-Jul-2019::00:42:46.340 kali confd[1766]: - Loading file ietf-inet-types.fxs
<DEBUG> 23-Jul-2019::00:42:46.343 kali confd[1766]: - Loading file ietf-yang-library.fxs
<DEBUG> 23-Jul-2019::00:42:46.384 kali confd[1766]: - Loading file ietf-netconf.fxs
<DEBUG> 23-Jul-2019::00:42:46.391 kali confd[1766]: - Loading file ietf-netconf-with-defaults.fxs
<DEBUG> 23-Jul-2019::00:42:46.397 kali confd[1766]: - Loading file netconf_netmod.fxs
<DEBUG> 23-Jul-2019::00:42:46.400 kali confd[1766]: - Loading file ietf-restconf.fxs
<DEBUG> 23-Jul-2019::00:42:46.403 kali confd[1766]: - Loading file ietf-yang-patch.fxs
<DEBUG> 23-Jul-2019::00:42:46.422 kali confd[1766]: - Loading file tailf-rest-error.fxs
<DEBUG> 23-Jul-2019::00:42:46.425 kali confd[1766]: - Loading file tailf-rest-query.fxs
<DEBUG> 23-Jul-2019::00:42:46.429 kali confd[1766]: - Loading file confd_cfg.fxs
<DEBUG> 23-Jul-2019::00:42:46.507 kali confd[1766]: - Loading file config.fxs
<DEBUG> 23-Jul-2019::00:42:46.518 kali confd[1766]: - Loading file netconf_notification.fxs
<DEBUG> 23-Jul-2019::00:42:46.521 kali confd[1766]: - Loading file netconf_actions.fxs
<DEBUG> 23-Jul-2019::00:42:46.524 kali confd[1766]: - Loading file yang.fxs
<DEBUG> 23-Jul-2019::00:42:46.526 kali confd[1766]: - Loading file tailf_netconf.fxs
<DEBUG> 23-Jul-2019::00:42:46.529 kali confd[1766]: - Loading file cli-builtin.fxs
<DEBUG> 23-Jul-2019::00:42:46.555 kali confd[1766]: - Loading file confd.conf
<INFO> 23-Jul-2019::00:42:46.561 kali confd[1766]: - Consulting daemon configuration file confd.conf
<INFO> 23-Jul-2019::00:42:46.779 kali confd[1766]: - Writing audit log to /root/nil_NSO_exercise/netsim/nil/nil0/audit.log
<INFO> 23-Jul-2019::00:42:46.779 kali confd[1766]: - Enabling audit log
<INFO> 23-Jul-2019::00:42:46.791 kali confd[1766]: - Writing NETCONF log to /root/nil_NSO_exercise/netsim/nil/nil0/netconf.log
<INFO> 23-Jul-2019::00:42:46.791 kali confd[1766]: - Enabling NETCONF log
<INFO> 23-Jul-2019::00:42:46.801 kali confd[1766]: - Writing developer log to /root/nil_NSO_exercise/netsim/nil/nil0/devel.log
<INFO> 23-Jul-2019::00:42:46.801 kali confd[1766]: - Enabling developer log
<INFO> 23-Jul-2019::00:42:46.802 kali confd[1766]: - Writing XPath trace log to /root/nil_NSO_exercise/netsim/nil/nil0/xpath.trace
<INFO> 23-Jul-2019::00:42:46.802 kali confd[1766]: - Enabling XPath trace log
<INFO> 23-Jul-2019::00:42:46.859 kali confd[1766]: - Enabling error log
<INFO> 23-Jul-2019::00:42:46.859 kali confd[1766]: - Writing error log to ./logs/confderr.log
<INFO> 23-Jul-2019::00:42:46.908 kali confd[1766]: - Daemon logging started
<DEBUG> 23-Jul-2019::00:42:46.966 kali confd[1766]: - Loading file /root/nso-5.1/netsim/confd/etc/confd/ietf-netconf-monitoring.fxs
<DEBUG> 23-Jul-2019::00:42:46.970 kali confd[1766]: - Loading file /root/nso-5.1/netsim/confd/etc/confd/tailf-common-monitoring.fxs
<DEBUG> 23-Jul-2019::00:42:46.972 kali confd[1766]: - Loading file ./ietf-netconf-acm.fxs
<DEBUG> 23-Jul-2019::00:42:46.975 kali confd[1766]: - Loading file /root/nso-5.1/netsim/confd/etc/confd/tailf-common-query.fxs
<DEBUG> 23-Jul-2019::00:42:46.978 kali confd[1766]: - Loading file /root/nso-5.1/netsim/confd/etc/confd/tailf-netconf-transactions.fxs
<DEBUG> 23-Jul-2019::00:42:46.979 kali confd[1766]: - Loading file /root/nso-5.1/netsim/confd/etc/confd/tailf-common.fxs
<DEBUG> 23-Jul-2019::00:42:46.982 kali confd[1766]: - Loading file /root/nso-5.1/netsim/confd/etc/confd/iana-crypt-hash.fxs
<DEBUG> 23-Jul-2019::00:42:46.983 kali confd[1766]: - Loading file ./tailf-ned-cisco-ios.fxs
<DEBUG> 23-Jul-2019::00:42:47.378 kali confd[1766]: - Loading file /root/nso-5.1/netsim/confd/etc/confd/ietf-restconf-monitoring.fxs
<DEBUG> 23-Jul-2019::00:42:47.381 kali confd[1766]: - Loading file /root/nso-5.1/netsim/confd/etc/confd/ietf-netconf-notifications.fxs
<DEBUG> 23-Jul-2019::00:42:47.384 kali confd[1766]: - Loading file /root/nso-5.1/netsim/confd/etc/confd/ietf-netconf-partial-lock.fxs
<DEBUG> 23-Jul-2019::00:42:47.387 kali confd[1766]: - Loading file /root/nso-5.1/netsim/confd/etc/confd/tailf-xsd-types.fxs
<DEBUG> 23-Jul-2019::00:42:47.389 kali confd[1766]: - Loading file /root/nso-5.1/netsim/confd/etc/confd/tailf-netconf-monitoring.fxs
<DEBUG> 23-Jul-2019::00:42:47.394 kali confd[1766]: - Loading file /root/nso-5.1/netsim/confd/etc/confd/tailf-confd-monitoring.fxs
<DEBUG> 23-Jul-2019::00:42:47.403 kali confd[1766]: - Loading file /root/nso-5.1/netsim/confd/etc/confd/tailf-acm.fxs
<DEBUG> 23-Jul-2019::00:42:47.406 kali confd[1766]: - Loading file /root/nso-5.1/netsim/confd/etc/confd/tailf-webui.fxs
<DEBUG> 23-Jul-2019::00:42:47.410 kali confd[1766]: - Loading file /root/nso-5.1/netsim/confd/etc/confd/tailf-rollback.fxs
<DEBUG> 23-Jul-2019::00:42:47.413 kali confd[1766]: - Loading file /root/nso-5.1/netsim/confd/etc/confd/tailf-progress.fxs
<DEBUG> 23-Jul-2019::00:42:47.416 kali confd[1766]: - Loading file /root/nso-5.1/netsim/confd/etc/confd/tailf-netconf-with-transaction-id.fxs
<DEBUG> 23-Jul-2019::00:42:47.419 kali confd[1766]: - Loading file /root/nso-5.1/netsim/confd/etc/confd/tailf-netconf-rollback.fxs
<DEBUG> 23-Jul-2019::00:42:47.422 kali confd[1766]: - Loading file /root/nso-5.1/netsim/confd/etc/confd/tailf-netconf-query.fxs
<DEBUG> 23-Jul-2019::00:42:47.425 kali confd[1766]: - Loading file /root/nso-5.1/netsim/confd/etc/confd/tailf-netconf-inactive.fxs
<DEBUG> 23-Jul-2019::00:42:47.427 kali confd[1766]: - Loading file /root/nso-5.1/netsim/confd/etc/confd/tailf-netconf-forward.fxs
<DEBUG> 23-Jul-2019::00:42:47.431 kali confd[1766]: - Loading file /root/nso-5.1/netsim/confd/etc/confd/tailf-netconf-extensions.fxs
<DEBUG> 23-Jul-2019::00:42:47.433 kali confd[1766]: - Loading file /root/nso-5.1/netsim/confd/etc/confd/tailf-kicker.fxs
<DEBUG> 23-Jul-2019::00:42:47.436 kali confd[1766]: - Loading file ./aaa.fxs
<DEBUG> 23-Jul-2019::00:42:47.440 kali confd[1766]: - Skipping file /root/nso-5.1/netsim/confd/etc/confd/ietf-netconf-acm.fxs: namespace already loaded
<DEBUG> 23-Jul-2019::00:42:47.440 kali confd[1766]: - Skipping file /root/nso-5.1/netsim/confd/etc/confd/tailf-aaa.fxs: namespace already loaded
<DEBUG> 23-Jul-2019::00:42:47.840 kali confd[1766]: - Loading file ./confd.c.ccl
<DEBUG> 23-Jul-2019::00:42:47.921 kali confd[1766]: - Loading file ./confd.i.ccl
<DEBUG> 23-Jul-2019::00:42:47.923 kali confd[1766]: - Loading file /root/nso-5.1/netsim/confd/etc/confd/confd.ccl
<INFO> 23-Jul-2019::00:42:48.467 kali confd[1766]: - Starting to listen for Internal IPC on 127.0.0.1:5010
<INFO> 23-Jul-2019::00:42:49.427 kali confd[1766]: - Starting to listen for NETCONF SSH on 0.0.0.0:12022
<INFO> 23-Jul-2019::00:42:49.561 kali confd[1766]: - Starting to listen for CLI SSH on 0.0.0.0:10022
<INFO> 23-Jul-2019::00:42:49.663 kali confd[1766]: - ConfD started vsn: 7.1
<INFO> 23-Jul-2019::00:58:41.989 kali confd[1766]: - ConfD stopping (confd --stop called by root in /root/nil_NSO_exercise/netsim/nil/nil0)
<INFO> 23-Jul-2019::00:58:42.344 kali confd[1766]: - Stopping to listen for NETCONF SSH on 0.0.0.0:12022
<INFO> 23-Jul-2019::00:58:43.639 kali confd[1766]: - Stopping to listen for Internal IPC on 127.0.0.1:5010
<INFO> 23-Jul-2019::00:58:43.891 kali confd[1766]: - Daemon logging terminating, reason: shutdown
